SF:lib\data\datasources\tvseries_local_data_source.dart
DA:17,1
DA:20,1
DA:21,3
DA:22,3
DA:27,1
DA:28,3
DA:29,1
DA:30,4
DA:32,1
DA:37,1
DA:38,3
DA:40,1
DA:47,1
DA:48,3
DA:49,4
DA:53,1
DA:55,3
DA:58,2
DA:63,1
DA:65,3
DA:68,2
LF:21
LH:21
end_of_record
SF:lib\data\models\tvseries_table.dart
DA:12,11
DA:19,2
DA:20,1
DA:21,1
DA:22,1
DA:23,1
DA:26,2
DA:27,1
DA:28,1
DA:29,1
DA:30,1
DA:33,2
DA:34,1
DA:35,1
DA:36,1
DA:37,1
DA:40,0
DA:41,0
DA:42,0
DA:43,0
DA:44,0
DA:47,2
DA:48,1
DA:49,1
DA:50,1
DA:51,1
DA:54,2
DA:55,10
LF:28
LH:23
end_of_record
SF:lib\domain\entities\tvseries.dart
DA:5,7
DA:35,2
DA:42,2
DA:43,2
DA:44,2
DA:45,2
DA:46,2
DA:47,2
DA:48,2
DA:49,2
DA:50,2
DA:51,2
DA:52,2
DA:53,2
DA:54,2
DA:55,2
DA:56,2
LF:17
LH:17
end_of_record
SF:lib\domain\entities\tvseries_detail.dart
DA:5,10
DA:33,1
DA:34,1
DA:35,1
DA:36,1
DA:37,1
DA:38,1
DA:39,1
DA:40,1
DA:41,1
DA:42,1
DA:43,1
DA:44,1
DA:45,1
DA:46,1
LF:15
LH:15
end_of_record
SF:lib\data\datasources\tvseries_remote_data_source.dart
DA:24,1
DA:27,1
DA:29,5
DA:31,2
DA:32,4
DA:34,1
DA:39,1
DA:40,5
DA:42,2
DA:43,3
DA:45,1
DA:50,1
DA:52,5
DA:54,2
DA:55,4
DA:57,1
DA:62,1
DA:63,5
DA:65,2
DA:66,4
DA:68,1
DA:73,1
DA:75,5
DA:77,2
DA:78,4
DA:80,1
DA:85,1
DA:87,5
DA:89,2
DA:90,4
DA:92,1
LF:31
LH:31
end_of_record
SF:lib\data\models\tvseries_detail_model.dart
DA:6,2
DA:58,1
DA:59,1
DA:60,1
DA:61,4
DA:62,1
DA:63,1
DA:64,4
DA:65,1
DA:66,1
DA:67,1
DA:68,4
DA:69,1
DA:70,1
DA:71,1
DA:72,1
DA:73,1
DA:74,4
DA:75,1
DA:76,1
DA:77,1
DA:78,2
DA:79,1
DA:80,1
DA:81,1
DA:82,1
DA:83,2
DA:84,1
DA:87,0
DA:88,0
DA:89,0
DA:90,0
DA:91,0
DA:92,0
DA:93,0
DA:94,0
DA:95,0
DA:96,0
DA:97,0
DA:98,0
DA:99,0
DA:100,0
DA:101,0
DA:102,0
DA:103,0
DA:104,0
DA:105,0
DA:106,0
DA:107,0
DA:108,0
DA:109,0
DA:110,0
DA:111,0
DA:114,1
DA:115,1
DA:116,1
DA:117,5
DA:118,1
DA:119,1
DA:120,1
DA:121,1
DA:122,1
DA:123,1
DA:124,1
DA:125,1
DA:126,1
DA:127,1
DA:131,1
DA:132,1
DA:133,1
DA:134,1
DA:135,1
DA:136,1
DA:137,1
DA:138,1
DA:139,1
DA:140,1
DA:141,1
DA:142,1
DA:143,1
DA:144,1
DA:145,1
DA:146,1
DA:147,1
DA:148,1
DA:149,1
DA:150,1
DA:151,1
DA:152,1
DA:153,1
DA:154,1
DA:155,1
DA:156,1
LF:93
LH:68
end_of_record
SF:lib\data\models\tvseries_model.dart
DA:5,5
DA:35,4
DA:36,2
DA:37,4
DA:38,2
DA:39,2
DA:40,4
DA:41,2
DA:42,2
DA:43,8
DA:44,8
DA:45,2
DA:46,2
DA:47,2
DA:48,2
DA:51,2
DA:52,1
DA:53,1
DA:54,1
DA:55,1
DA:56,1
DA:57,1
DA:58,1
DA:59,4
DA:60,4
DA:61,1
DA:62,1
DA:63,1
DA:64,1
DA:67,2
DA:68,2
DA:69,2
DA:70,2
DA:71,2
DA:72,2
DA:73,2
DA:74,2
DA:75,2
DA:76,2
DA:77,2
DA:78,2
DA:79,2
DA:80,2
DA:81,2
DA:85,2
DA:86,2
DA:87,2
DA:88,2
DA:89,2
DA:90,2
DA:91,2
DA:92,2
DA:93,2
DA:94,2
DA:95,2
DA:96,2
DA:97,2
DA:98,2
DA:99,2
LF:59
LH:59
end_of_record
SF:lib\data\models\tvseries_response.dart
DA:7,3
DA:9,2
DA:10,2
DA:11,4
DA:12,6
DA:13,6
DA:16,2
DA:17,5
DA:20,1
DA:21,2
LF:10
LH:10
end_of_record
SF:lib\data\repositories\tvseries_repository_impl.dart
DA:19,1
DA:26,1
DA:27,3
DA:29,3
DA:30,2
DA:31,4
DA:32,5
DA:33,1
DA:38,3
DA:39,5
DA:40,1
DA:41,3
DA:47,1
DA:49,3
DA:50,2
DA:51,1
DA:53,1
DA:59,1
DA:62,3
DA:63,3
DA:64,1
DA:66,1
DA:72,1
DA:74,3
DA:75,5
DA:76,1
DA:78,1
DA:84,1
DA:86,3
DA:87,5
DA:88,1
DA:90,1
DA:96,1
DA:98,3
DA:99,5
DA:100,1
DA:102,1
DA:108,1
DA:110,2
DA:111,2
DA:112,1
DA:113,1
DA:114,3
DA:121,1
DA:124,2
DA:125,2
DA:126,1
DA:127,1
DA:128,3
DA:133,1
DA:134,3
DA:139,1
DA:140,3
DA:141,5
LF:54
LH:54
end_of_record
SF:lib\domain\usecases\get_now_playing_tvseries.dart
DA:9,1
DA:11,1
DA:12,2
LF:3
LH:3
end_of_record
SF:lib\domain\usecases\get_popular_tvseries.dart
DA:9,1
DA:11,1
DA:12,2
LF:3
LH:3
end_of_record
SF:lib\domain\usecases\get_top_rated_tvseries.dart
DA:9,1
DA:11,1
DA:12,2
LF:3
LH:3
end_of_record
SF:lib\domain\usecases\get_tvseries_detail.dart
DA:9,1
DA:11,1
DA:12,2
LF:3
LH:3
end_of_record
SF:lib\domain\usecases\get_tvseries_recommendations.dart
DA:9,1
DA:11,1
DA:12,2
LF:3
LH:3
end_of_record
SF:lib\domain\usecases\get_watchlist_status_tvseries.dart
DA:6,1
DA:8,1
DA:9,2
LF:3
LH:3
end_of_record
SF:lib\domain\usecases\get_watchlist_tvseries.dart
DA:9,1
DA:11,1
DA:12,2
LF:3
LH:3
end_of_record
SF:lib\domain\usecases\remove_watchlist_tvseries.dart
DA:9,1
DA:11,1
DA:12,2
LF:3
LH:3
end_of_record
SF:lib\domain\usecases\save_watchlist_tvseries.dart
DA:9,1
DA:11,1
DA:12,2
LF:3
LH:3
end_of_record
SF:lib\presentation\pages\popular_tvseries_page.dart
DA:10,1
DA:12,1
DA:13,1
DA:17,1
DA:19,1
DA:20,2
DA:21,2
DA:22,1
DA:25,1
DA:27,1
DA:28,1
DA:31,1
DA:33,1
DA:34,1
DA:35,2
DA:39,2
DA:40,1
DA:41,0
DA:42,0
DA:43,0
DA:45,2
DA:48,1
DA:50,2
LF:23
LH:20
end_of_record
SF:lib\presentation\provider\popular_tvseries_notifier.dart
DA:9,1
DA:12,2
DA:15,2
DA:18,2
DA:20,1
DA:21,1
DA:22,1
DA:24,3
DA:26,1
DA:27,1
DA:28,2
DA:29,1
DA:30,1
DA:32,1
DA:33,1
DA:34,1
DA:35,1
LF:17
LH:17
end_of_record
SF:lib\presentation\widgets\tvseries_card_list.dart
DA:11,0
DA:13,0
DA:15,0
DA:17,0
DA:18,0
DA:19,0
DA:22,0
DA:25,0
DA:27,0
DA:28,0
DA:29,0
DA:35,0
DA:37,0
DA:38,0
DA:39,0
DA:42,0
DA:45,0
DA:46,0
DA:54,0
DA:59,0
DA:61,0
DA:62,0
DA:64,0
DA:67,0
LF:24
LH:0
end_of_record
SF:lib\presentation\pages\tvseries_detail_page.dart
DA:19,1
DA:21,1
DA:22,1
DA:26,1
DA:28,1
DA:29,2
DA:30,2
DA:31,3
DA:32,2
DA:33,3
DA:37,1
DA:39,1
DA:40,1
DA:41,1
DA:42,2
DA:46,2
DA:47,1
DA:48,1
DA:49,1
DA:51,1
DA:52,1
DA:56,0
DA:69,1
DA:72,1
DA:74,1
DA:76,3
DA:77,1
DA:78,1
DA:79,1
DA:80,3
DA:82,1
DA:85,0
DA:87,1
DA:89,1
DA:90,1
DA:91,1
DA:101,1
DA:102,1
DA:103,1
DA:105,1
DA:107,1
DA:109,1
DA:110,1
DA:111,2
DA:112,1
DA:114,1
DA:115,1
DA:116,1
DA:117,2
DA:120,2
DA:122,0
DA:125,0
DA:129,1
DA:131,1
DA:133,1
DA:136,1
DA:139,2
DA:140,2
DA:142,1
DA:144,1
DA:145,1
DA:146,1
DA:151,1
DA:153,1
DA:154,1
DA:161,1
DA:162,3
DA:164,1
DA:165,1
DA:166,2
DA:168,1
DA:169,1
DA:170,2
DA:172,1
DA:173,1
DA:174,1
DA:175,3
DA:177,1
DA:183,4
DA:187,1
DA:189,1
DA:191,1
DA:192,2
DA:195,1
DA:197,1
DA:199,1
DA:200,1
DA:201,2
DA:206,2
DA:208,0
DA:209,2
DA:211,1
DA:213,1
DA:215,0
DA:216,0
DA:217,0
DA:219,0
DA:220,0
DA:221,0
DA:224,0
DA:227,0
DA:232,0
DA:234,0
DA:235,0
DA:241,0
DA:248,2
DA:252,0
DA:260,1
DA:262,1
DA:275,1
DA:277,1
DA:280,1
DA:282,0
DA:283,0
DA:292,1
DA:294,2
DA:295,3
DA:298,1
DA:302,3
DA:305,1
DA:306,1
LF:121
LH:101
end_of_record
SF:lib\presentation\provider\tvseries_detail_notifier.dart
DA:21,1
DA:30,2
DA:33,2
DA:36,2
DA:39,2
DA:42,2
DA:45,2
DA:47,1
DA:48,1
DA:49,1
DA:50,3
DA:51,3
DA:52,1
DA:53,1
DA:54,1
DA:55,2
DA:56,1
DA:58,1
DA:59,1
DA:60,1
DA:61,1
DA:62,1
DA:63,1
DA:64,1
DA:65,2
DA:67,1
DA:68,1
DA:69,1
DA:72,1
DA:73,1
DA:79,2
DA:81,1
DA:82,3
DA:84,2
DA:85,1
DA:86,2
DA:88,1
DA:89,1
DA:93,3
DA:96,1
DA:97,3
DA:99,2
DA:100,0
DA:101,0
DA:103,1
DA:104,1
DA:108,3
DA:111,1
DA:112,3
DA:113,1
DA:114,1
LF:51
LH:49
end_of_record
SF:lib\presentation\pages\top_rated_tvseries_page.dart
DA:10,1
DA:12,1
DA:13,1
DA:17,1
DA:19,1
DA:20,2
DA:21,2
DA:22,1
DA:25,1
DA:27,1
DA:28,1
DA:31,1
DA:33,1
DA:34,1
DA:35,2
DA:39,2
DA:40,1
DA:41,0
DA:42,0
DA:43,0
DA:45,2
DA:48,1
DA:50,2
LF:23
LH:20
end_of_record
SF:lib\presentation\provider\top_rated_tvseries_notifier.dart
DA:9,1
DA:12,2
DA:15,2
DA:18,2
DA:20,1
DA:21,1
DA:22,1
DA:24,3
DA:26,1
DA:27,1
DA:28,2
DA:29,1
DA:30,1
DA:32,1
DA:33,1
DA:34,1
DA:35,1
LF:17
LH:17
end_of_record
SF:lib\presentation\provider\tvseries_list_notifier.dart
DA:10,2
DA:13,2
DA:16,2
DA:19,2
DA:22,2
DA:25,2
DA:28,2
DA:30,1
DA:40,1
DA:41,1
DA:42,1
DA:44,3
DA:45,1
DA:46,1
DA:47,1
DA:48,2
DA:49,1
DA:51,1
DA:52,1
DA:53,1
DA:54,1
DA:59,1
DA:60,1
DA:61,1
DA:63,3
DA:64,1
DA:65,1
DA:66,1
DA:67,2
DA:68,1
DA:70,1
DA:71,1
DA:72,1
DA:73,1
DA:78,1
DA:79,1
DA:80,1
DA:82,3
DA:83,1
DA:84,1
DA:85,1
DA:86,2
DA:87,1
DA:89,1
DA:90,1
DA:91,1
DA:92,1
LF:47
LH:47
end_of_record
SF:lib\presentation\provider\watchlist_tvseries_notifier.dart
DA:8,2
DA:11,2
DA:14,2
DA:16,1
DA:20,1
DA:21,1
DA:22,1
DA:24,3
DA:25,1
DA:26,1
DA:27,1
DA:28,2
DA:29,1
DA:31,1
DA:32,1
DA:33,1
DA:34,1
LF:17
LH:17
end_of_record
